# JRE version: Java(TM) SE Runtime Environment (8.0_111-b14) (build 1.8.0_111-b14)
# Java VM: Java HotSpot(TM) 64-Bit Server VM (25.111-b14 mixed mode windows-amd64 compressed oops)
Heap:
 PSYoungGen      total 25600K, used 10179K [0x00000000d6000000, 0x00000000d8780000, 0x0000000100000000)
  eden space 25088K, 39% used [0x00000000d6000000,0x00000000d69acd40,0x00000000d7880000)
  from space 512K, 53% used [0x00000000d7900000,0x00000000d7944240,0x00000000d7980000)
  to   space 7680K, 0% used [0x00000000d8000000,0x00000000d8000000,0x00000000d8780000)
 ParOldGen       total 86016K, used 9237K [0x0000000082000000, 0x0000000087400000, 0x00000000d6000000)
  object space 86016K, 10% used [0x0000000082000000,0x00000000829057a8,0x0000000087400000)
 Metaspace       used 13633K, capacity 13906K, committed 14080K, reserved 1060864K
  class space    used 1592K, capacity 1678K, committed 1792K, reserved 1048576K
GC Heap History (10 events):
Event: 43.676 GC heap before
{Heap before GC invocations=15 (full 0):
 PSYoungGen      total 36352K, used 27746K [0x00000000d6000000, 0x00000000d8d00000, 0x0000000100000000)
  eden space 27648K, 99% used [0x00000000d6000000,0x00000000d7ad47c0,0x00000000d7b00000)
  from space 8704K, 3% used [0x00000000d8480000,0x00000000d84c4240,0x00000000d8d00000)
  to   space 9216K, 0% used [0x00000000d7b00000,0x00000000d7b00000,0x00000000d8400000)
 ParOldGen       total 86016K, used 8845K [0x0000000082000000, 0x0000000087400000, 0x00000000d6000000)
  object space 86016K, 10% used [0x0000000082000000,0x00000000828a3798,0x0000000087400000)
 Metaspace       used 13605K, capacity 13874K, committed 13952K, reserved 1060864K
  class space    used 1587K, capacity 1646K, committed 1664K, reserved 1048576K
Event: 43.677 GC heap after
Heap after GC invocations=15 (full 0):
 PSYoungGen      total 27648K, used 192K [0x00000000d6000000, 0x00000000d8b80000, 0x0000000100000000)
  eden space 27136K, 0% used [0x00000000d6000000,0x00000000d6000000,0x00000000d7a80000)
  from space 512K, 37% used [0x00000000d7b00000,0x00000000d7b30000,0x00000000d7b80000)
  to   space 8704K, 0% used [0x00000000d8300000,0x00000000d8300000,0x00000000d8b80000)
 ParOldGen       total 86016K, used 8925K [0x0000000082000000, 0x0000000087400000, 0x00000000d6000000)
  object space 86016K, 10% used [0x0000000082000000,0x00000000828b7798,0x0000000087400000)
 Metaspace       used 13605K, capacity 13874K, committed 13952K, reserved 1060864K
  class space    used 1587K, capacity 1646K, committed 1664K, reserved 1048576K
}
Event: 46.544 GC heap before
{Heap before GC invocations=16 (full 0):
 PSYoungGen      total 27648K, used 27196K [0x00000000d6000000, 0x00000000d8b80000, 0x0000000100000000)
  eden space 27136K, 99% used [0x00000000d6000000,0x00000000d7a5f0b8,0x00000000d7a80000)
  from space 512K, 37% used [0x00000000d7b00000,0x00000000d7b30000,0x00000000d7b80000)
  to   space 8704K, 0% used [0x00000000d8300000,0x00000000d8300000,0x00000000d8b80000)
 ParOldGen       total 86016K, used 8925K [0x0000000082000000, 0x0000000087400000, 0x00000000d6000000)
  object space 86016K, 10% used [0x0000000082000000,0x00000000828b7798,0x0000000087400000)
 Metaspace       used 13605K, capacity 13874K, committed 13952K, reserved 1060864K
  class space    used 1587K, capacity 1646K, committed 1664K, reserved 1048576K
Event: 46.546 GC heap after
Heap after GC invocations=16 (full 0):
 PSYoungGen      total 33792K, used 272K [0x00000000d6000000, 0x00000000d8a00000, 0x0000000100000000)
  eden space 26624K, 0% used [0x00000000d6000000,0x00000000d6000000,0x00000000d7a00000)
  from space 7168K, 3% used [0x00000000d8300000,0x00000000d8344240,0x00000000d8a00000)
  to   space 8192K, 0% used [0x00000000d7a00000,0x00000000d7a00000,0x00000000d8200000)
 ParOldGen       total 86016K, used 8997K [0x0000000082000000, 0x0000000087400000, 0x00000000d6000000)
  object space 86016K, 10% used [0x0000000082000000,0x00000000828c9798,0x0000000087400000)
 Metaspace       used 13605K, capacity 13874K, committed 13952K, reserved 1060864K
  class space    used 1587K, capacity 1646K, committed 1664K, reserved 1048576K
}
Event: 49.472 GC heap before
{Heap before GC invocations=17 (full 0):
 PSYoungGen      total 33792K, used 26896K [0x00000000d6000000, 0x00000000d8a00000, 0x0000000100000000)
  eden space 26624K, 100% used [0x00000000d6000000,0x00000000d7a00000,0x00000000d7a00000)
  from space 7168K, 3% used [0x00000000d8300000,0x00000000d8344240,0x00000000d8a00000)
  to   space 8192K, 0% used [0x00000000d7a00000,0x00000000d7a00000,0x00000000d8200000)
 ParOldGen       total 86016K, used 8997K [0x0000000082000000, 0x0000000087400000, 0x00000000d6000000)
  object space 86016K, 10% used [0x0000000082000000,0x00000000828c9798,0x0000000087400000)
 Metaspace       used 13605K, capacity 13874K, committed 13952K, reserved 1060864K
  class space    used 1587K, capacity 1646K, committed 1664K, reserved 1048576K
Event: 49.473 GC heap after
Heap after GC invocations=17 (full 0):
 PSYoungGen      total 26624K, used 272K [0x00000000d6000000, 0x00000000d8980000, 0x0000000100000000)
  eden space 26112K, 0% used [0x00000000d6000000,0x00000000d6000000,0x00000000d7980000)
  from space 512K, 53% used [0x00000000d7a00000,0x00000000d7a44240,0x00000000d7a80000)
  to   space 8192K, 0% used [0x00000000d8180000,0x00000000d8180000,0x00000000d8980000)
 ParOldGen       total 86016K, used 9069K [0x0000000082000000, 0x0000000087400000, 0x00000000d6000000)
  object space 86016K, 10% used [0x0000000082000000,0x00000000828db798,0x0000000087400000)
 Metaspace       used 13605K, capacity 13874K, committed 13952K, reserved 1060864K
  class space    used 1587K, capacity 1646K, committed 1664K, reserved 1048576K
}
Event: 52.231 GC heap before
{Heap before GC invocations=18 (full 0):
 PSYoungGen      total 26624K, used 26251K [0x00000000d6000000, 0x00000000d8980000, 0x0000000100000000)
  eden space 26112K, 99% used [0x00000000d6000000,0x00000000d795eb50,0x00000000d7980000)
  from space 512K, 53% used [0x00000000d7a00000,0x00000000d7a44240,0x00000000d7a80000)
  to   space 8192K, 0% used [0x00000000d8180000,0x00000000d8180000,0x00000000d8980000)
 ParOldGen       total 86016K, used 9069K [0x0000000082000000, 0x0000000087400000, 0x00000000d6000000)
  object space 86016K, 10% used [0x0000000082000000,0x00000000828db798,0x0000000087400000)
 Metaspace       used 13605K, capacity 13874K, committed 13952K, reserved 1060864K
  class space    used 1587K, capacity 1646K, committed 1664K, reserved 1048576K
Event: 52.232 GC heap after
Heap after GC invocations=18 (full 0):
 PSYoungGen      total 32256K, used 304K [0x00000000d6000000, 0x00000000d8800000, 0x0000000100000000)
  eden space 25600K, 0% used [0x00000000d6000000,0x00000000d6000000,0x00000000d7900000)
  from space 6656K, 4% used [0x00000000d8180000,0x00000000d81cc240,0x00000000d8800000)
  to   space 7680K, 0% used [0x00000000d7900000,0x00000000d7900000,0x00000000d8080000)
 ParOldGen       total 86016K, used 9149K [0x0000000082000000, 0x0000000087400000, 0x00000000d6000000)
  object space 86016K, 10% used [0x0000000082000000,0x00000000828ef798,0x0000000087400000)
 Metaspace       used 13605K, capacity 13874K, committed 13952K, reserved 1060864K
  class space    used 1587K, capacity 1646K, committed 1664K, reserved 1048576K
}
Event: 55.034 GC heap before
{Heap before GC invocations=19 (full 0):
 PSYoungGen      total 32256K, used 25698K [0x00000000d6000000, 0x00000000d8800000, 0x0000000100000000)
  eden space 25600K, 99% used [0x00000000d6000000,0x00000000d78cc8f8,0x00000000d7900000)
  from space 6656K, 4% used [0x00000000d8180000,0x00000000d81cc240,0x00000000d8800000)
  to   space 7680K, 0% used [0x00000000d7900000,0x00000000d7900000,0x00000000d8080000)
 ParOldGen       total 86016K, used 9149K [0x0000000082000000, 0x0000000087400000, 0x00000000d6000000)
  object space 86016K, 10% used [0x0000000082000000,0x00000000828ef798,0x0000000087400000)
 Metaspace       used 13607K, capacity 13874K, committed 13952K, reserved 1060864K
  class space    used 1587K, capacity 1646K, committed 1664K, reserved 1048576K
Event: 55.035 GC heap after
Heap after GC invocations=19 (full 0):
 PSYoungGen      total 25600K, used 272K [0x00000000d6000000, 0x00000000d8780000, 0x0000000100000000)
  eden space 25088K, 0% used [0x00000000d6000000,0x00000000d6000000,0x00000000d7880000)
  from space 512K, 53% used [0x00000000d7900000,0x00000000d7944240,0x00000000d7980000)
  to   space 7680K, 0% used [0x00000000d8000000,0x00000000d8000000,0x00000000d8780000)
 ParOldGen       total 86016K, used 9237K [0x0000000082000000, 0x0000000087400000, 0x00000000d6000000)
  object space 86016K, 10% used [0x0000000082000000,0x00000000829057a8,0x0000000087400000)
 Metaspace       used 13607K, capacity 13874K, committed 13952K, reserved 1060864K
  class space    used 1587K, capacity 1646K, committed 1664K, reserved 1048576K
}

