# JRE version: Java(TM) SE Runtime Environment (8.0_111-b14) (build 1.8.0_111-b14)
# Java VM: Java HotSpot(TM) 64-Bit Server VM (25.111-b14 mixed mode windows-amd64 compressed oops)
Heap:
 PSYoungGen      total 25600K, used 16190K [0x00000000d6000000, 0x00000000d7a80000, 0x0000000100000000)
  eden space 24064K, 65% used [0x00000000d6000000,0x00000000d6f5f928,0x00000000d7780000)
  from space 1536K, 29% used [0x00000000d7900000,0x00000000d7970000,0x00000000d7a80000)
  to   space 1536K, 0% used [0x00000000d7780000,0x00000000d7780000,0x00000000d7900000)
 ParOldGen       total 86016K, used 14338K [0x0000000082000000, 0x0000000087400000, 0x00000000d6000000)
  object space 86016K, 16% used [0x0000000082000000,0x0000000082e00b58,0x0000000087400000)
 Metaspace       used 14417K, capacity 14608K, committed 14848K, reserved 1062912K
  class space    used 1651K, capacity 1712K, committed 1792K, reserved 1048576K
GC Heap History (10 events):
Event: 54.031 GC heap before
{Heap before GC invocations=106 (full 0):
 PSYoungGen      total 25600K, used 24719K [0x00000000d6000000, 0x00000000d7a80000, 0x0000000100000000)
  eden space 24064K, 99% used [0x00000000d6000000,0x00000000d7753de8,0x00000000d7780000)
  from space 1536K, 54% used [0x00000000d7780000,0x00000000d7850000,0x00000000d7900000)
  to   space 1536K, 0% used [0x00000000d7900000,0x00000000d7900000,0x00000000d7a80000)
 ParOldGen       total 86016K, used 14218K [0x0000000082000000, 0x0000000087400000, 0x00000000d6000000)
  object space 86016K, 16% used [0x0000000082000000,0x0000000082de2b58,0x0000000087400000)
 Metaspace       used 14389K, capacity 14608K, committed 14848K, reserved 1062912K
  class space    used 1646K, capacity 1712K, committed 1792K, reserved 1048576K
Event: 54.033 GC heap after
Heap after GC invocations=106 (full 0):
 PSYoungGen      total 25600K, used 208K [0x00000000d6000000, 0x00000000d7a80000, 0x0000000100000000)
  eden space 24064K, 0% used [0x00000000d6000000,0x00000000d6000000,0x00000000d7780000)
  from space 1536K, 13% used [0x00000000d7900000,0x00000000d7934240,0x00000000d7a80000)
  to   space 1536K, 0% used [0x00000000d7780000,0x00000000d7780000,0x00000000d7900000)
 ParOldGen       total 86016K, used 14242K [0x0000000082000000, 0x0000000087400000, 0x00000000d6000000)
  object space 86016K, 16% used [0x0000000082000000,0x0000000082de8b58,0x0000000087400000)
 Metaspace       used 14389K, capacity 14608K, committed 14848K, reserved 1062912K
  class space    used 1646K, capacity 1712K, committed 1792K, reserved 1048576K
}
Event: 54.354 GC heap before
{Heap before GC invocations=107 (full 0):
 PSYoungGen      total 25600K, used 24120K [0x00000000d6000000, 0x00000000d7a80000, 0x0000000100000000)
  eden space 24064K, 99% used [0x00000000d6000000,0x00000000d775a098,0x00000000d7780000)
  from space 1536K, 13% used [0x00000000d7900000,0x00000000d7934240,0x00000000d7a80000)
  to   space 1536K, 0% used [0x00000000d7780000,0x00000000d7780000,0x00000000d7900000)
 ParOldGen       total 86016K, used 14242K [0x0000000082000000, 0x0000000087400000, 0x00000000d6000000)
  object space 86016K, 16% used [0x0000000082000000,0x0000000082de8b58,0x0000000087400000)
 Metaspace       used 14389K, capacity 14608K, committed 14848K, reserved 1062912K
  class space    used 1646K, capacity 1712K, committed 1792K, reserved 1048576K
Event: 54.355 GC heap after
Heap after GC invocations=107 (full 0):
 PSYoungGen      total 25600K, used 160K [0x00000000d6000000, 0x00000000d7a80000, 0x0000000100000000)
  eden space 24064K, 0% used [0x00000000d6000000,0x00000000d6000000,0x00000000d7780000)
  from space 1536K, 10% used [0x00000000d7780000,0x00000000d77a8000,0x00000000d7900000)
  to   space 1536K, 0% used [0x00000000d7900000,0x00000000d7900000,0x00000000d7a80000)
 ParOldGen       total 86016K, used 14282K [0x0000000082000000, 0x0000000087400000, 0x00000000d6000000)
  object space 86016K, 16% used [0x0000000082000000,0x0000000082df2b58,0x0000000087400000)
 Metaspace       used 14389K, capacity 14608K, committed 14848K, reserved 1062912K
  class space    used 1646K, capacity 1712K, committed 1792K, reserved 1048576K
}
Event: 54.697 GC heap before
{Heap before GC invocations=108 (full 0):
 PSYoungGen      total 25600K, used 24224K [0x00000000d6000000, 0x00000000d7a80000, 0x0000000100000000)
  eden space 24064K, 100% used [0x00000000d6000000,0x00000000d7780000,0x00000000d7780000)
  from space 1536K, 10% used [0x00000000d7780000,0x00000000d77a8000,0x00000000d7900000)
  to   space 1536K, 0% used [0x00000000d7900000,0x00000000d7900000,0x00000000d7a80000)
 ParOldGen       total 86016K, used 14282K [0x0000000082000000, 0x0000000087400000, 0x00000000d6000000)
  object space 86016K, 16% used [0x0000000082000000,0x0000000082df2b58,0x0000000087400000)
 Metaspace       used 14389K, capacity 14608K, committed 14848K, reserved 1062912K
  class space    used 1646K, capacity 1712K, committed 1792K, reserved 1048576K
Event: 54.698 GC heap after
Heap after GC invocations=108 (full 0):
 PSYoungGen      total 25600K, used 384K [0x00000000d6000000, 0x00000000d7a80000, 0x0000000100000000)
  eden space 24064K, 0% used [0x00000000d6000000,0x00000000d6000000,0x00000000d7780000)
  from space 1536K, 25% used [0x00000000d7900000,0x00000000d7960000,0x00000000d7a80000)
  to   space 1536K, 0% used [0x00000000d7780000,0x00000000d7780000,0x00000000d7900000)
 ParOldGen       total 86016K, used 14298K [0x0000000082000000, 0x0000000087400000, 0x00000000d6000000)
  object space 86016K, 16% used [0x0000000082000000,0x0000000082df6b58,0x0000000087400000)
 Metaspace       used 14389K, capacity 14608K, committed 14848K, reserved 1062912K
  class space    used 1646K, capacity 1712K, committed 1792K, reserved 1048576K
}
Event: 55.052 GC heap before
{Heap before GC invocations=109 (full 0):
 PSYoungGen      total 25600K, used 24448K [0x00000000d6000000, 0x00000000d7a80000, 0x0000000100000000)
  eden space 24064K, 100% used [0x00000000d6000000,0x00000000d7780000,0x00000000d7780000)
  from space 1536K, 25% used [0x00000000d7900000,0x00000000d7960000,0x00000000d7a80000)
  to   space 1536K, 0% used [0x00000000d7780000,0x00000000d7780000,0x00000000d7900000)
 ParOldGen       total 86016K, used 14298K [0x0000000082000000, 0x0000000087400000, 0x00000000d6000000)
  object space 86016K, 16% used [0x0000000082000000,0x0000000082df6b58,0x0000000087400000)
 Metaspace       used 14389K, capacity 14608K, committed 14848K, reserved 1062912K
  class space    used 1646K, capacity 1712K, committed 1792K, reserved 1048576K
Event: 55.053 GC heap after
Heap after GC invocations=109 (full 0):
 PSYoungGen      total 25600K, used 1056K [0x00000000d6000000, 0x00000000d7a80000, 0x0000000100000000)
  eden space 24064K, 0% used [0x00000000d6000000,0x00000000d6000000,0x00000000d7780000)
  from space 1536K, 68% used [0x00000000d7780000,0x00000000d7888000,0x00000000d7900000)
  to   space 1536K, 0% used [0x00000000d7900000,0x00000000d7900000,0x00000000d7a80000)
 ParOldGen       total 86016K, used 14322K [0x0000000082000000, 0x0000000087400000, 0x00000000d6000000)
  object space 86016K, 16% used [0x0000000082000000,0x0000000082dfcb58,0x0000000087400000)
 Metaspace       used 14389K, capacity 14608K, committed 14848K, reserved 1062912K
  class space    used 1646K, capacity 1712K, committed 1792K, reserved 1048576K
}
Event: 55.414 GC heap before
{Heap before GC invocations=110 (full 0):
 PSYoungGen      total 25600K, used 25120K [0x00000000d6000000, 0x00000000d7a80000, 0x0000000100000000)
  eden space 24064K, 100% used [0x00000000d6000000,0x00000000d7780000,0x00000000d7780000)
  from space 1536K, 68% used [0x00000000d7780000,0x00000000d7888000,0x00000000d7900000)
  to   space 1536K, 0% used [0x00000000d7900000,0x00000000d7900000,0x00000000d7a80000)
 ParOldGen       total 86016K, used 14322K [0x0000000082000000, 0x0000000087400000, 0x00000000d6000000)
  object space 86016K, 16% used [0x0000000082000000,0x0000000082dfcb58,0x0000000087400000)
 Metaspace       used 14389K, capacity 14608K, committed 14848K, reserved 1062912K
  class space    used 1646K, capacity 1712K, committed 1792K, reserved 1048576K
Event: 55.415 GC heap after
Heap after GC invocations=110 (full 0):
 PSYoungGen      total 25600K, used 448K [0x00000000d6000000, 0x00000000d7a80000, 0x0000000100000000)
  eden space 24064K, 0% used [0x00000000d6000000,0x00000000d6000000,0x00000000d7780000)
  from space 1536K, 29% used [0x00000000d7900000,0x00000000d7970000,0x00000000d7a80000)
  to   space 1536K, 0% used [0x00000000d7780000,0x00000000d7780000,0x00000000d7900000)
 ParOldGen       total 86016K, used 14338K [0x0000000082000000, 0x0000000087400000, 0x00000000d6000000)
  object space 86016K, 16% used [0x0000000082000000,0x0000000082e00b58,0x0000000087400000)
 Metaspace       used 14389K, capacity 14608K, committed 14848K, reserved 1062912K
  class space    used 1646K, capacity 1712K, committed 1792K, reserved 1048576K
}

